{
  "stats": {
    "suites": 2,
    "tests": 5,
    "passes": 5,
    "pending": 0,
    "failures": 0,
    "start": "2017-10-23T12:53:28.538Z",
    "end": "2017-10-23T12:53:31.317Z",
    "duration": 2779,
    "testsRegistered": 5,
    "passPercent": 100,
    "pendingPercent": 0,
    "other": 0,
    "hasOther": false,
    "skipped": 0,
    "hasSkipped": false,
    "passPercentClass": "success",
    "pendingPercentClass": "danger"
  },
  "suites": {
    "title": "",
    "suites": [
      {
        "title": "todomvc",
        "suites": [
          {
            "title": "Add a todo item",
            "suites": [],
            "tests": [
              {
                "title": "typing text and hitting enter key adds new item",
                "fullTitle": "todomvc Add a todo item typing text and hitting enter key adds new item",
                "timedOut": false,
                "duration": 567,
                "state": "passed",
                "speed": "slow",
                "pass": true,
                "fail": false,
                "pending": false,
                "code": "async function () {\n            await Mochateer.page.waitForSelector(input);\n            await Mochateer.page.type(input, 'My first item');\n            await Mochateer.page.keyboard.press('Enter');\n            await Mochateer.page.waitForSelector(firstItem);\n            Mochateer.assert.equal(await Mochateer.page.getText(firstItem), 'My first item');\n            await Mochateer.assert.visual(container);",
                "err": {},
                "isRoot": false,
                "uuid": "081ceef4-b18b-4fb1-818a-b61fd4c87a03",
                "parentUUID": "c94f6274-17c5-45f1-8cdf-974739975265",
                "isHook": false,
                "skipped": false
              },
              {
                "title": "clicking checkbox marks item as complete",
                "fullTitle": "todomvc Add a todo item clicking checkbox marks item as complete",
                "timedOut": false,
                "duration": 261,
                "state": "passed",
                "speed": "slow",
                "pass": true,
                "fail": false,
                "pending": false,
                "code": "async function () {\n            await Mochateer.page.waitForSelector(firstItemToggle);\n            await Mochateer.page.click(firstItemToggle);\n            await Mochateer.page.waitForNthSelectorAttributeValue(listItem, 1, 'class', 'completed');\n            await Mochateer.assert.visual(container);",
                "err": {},
                "isRoot": false,
                "uuid": "30c7638f-3d5c-4b9f-b44b-448e7d7d51b7",
                "parentUUID": "c94f6274-17c5-45f1-8cdf-974739975265",
                "isHook": false,
                "skipped": false
              },
              {
                "title": "typing more text and hitting enter adds a second item",
                "fullTitle": "todomvc Add a todo item typing more text and hitting enter adds a second item",
                "timedOut": false,
                "duration": 302,
                "state": "passed",
                "speed": "slow",
                "pass": true,
                "fail": false,
                "pending": false,
                "code": "async function () {\n            await Mochateer.page.type(input, 'My second item');\n            await Mochateer.page.keyboard.press('Enter');\n            await Mochateer.page.waitForSelector(secondItem);\n            Mochateer.assert.equal(await Mochateer.page.getText(secondItem), 'My second item');\n            await Mochateer.assert.visual(container);",
                "err": {},
                "isRoot": false,
                "uuid": "54d62850-2227-4cfb-9fdd-eadfffbd944b",
                "parentUUID": "c94f6274-17c5-45f1-8cdf-974739975265",
                "isHook": false,
                "skipped": false
              },
              {
                "title": "hovering over first item shows x button",
                "fullTitle": "todomvc Add a todo item hovering over first item shows x button",
                "timedOut": false,
                "duration": 251,
                "state": "passed",
                "speed": "slow",
                "pass": true,
                "fail": false,
                "pending": false,
                "code": "async function () {\n            await Mochateer.page.hover(firstItem);\n            await Mochateer.assert.visual(container);",
                "err": {},
                "isRoot": false,
                "uuid": "81966919-0ee3-49ab-9a12-f612db4854fe",
                "parentUUID": "c94f6274-17c5-45f1-8cdf-974739975265",
                "isHook": false,
                "skipped": false
              },
              {
                "title": "clicking on first item x button removes it from the list",
                "fullTitle": "todomvc Add a todo item clicking on first item x button removes it from the list",
                "timedOut": false,
                "duration": 255,
                "state": "passed",
                "speed": "slow",
                "pass": true,
                "fail": false,
                "pending": false,
                "code": "async function () {\n            await Mochateer.page.click(firstItemRemoveButton);\n            await Mochateer.page.waitForElementCount(listItem, 1);\n            Mochateer.assert.equal(await Mochateer.page.getText(todoCount), '1 item left');\n            await Mochateer.assert.visual(container);",
                "err": {},
                "isRoot": false,
                "uuid": "e4a6af64-c856-4da0-a954-6b20e9f1aec5",
                "parentUUID": "c94f6274-17c5-45f1-8cdf-974739975265",
                "isHook": false,
                "skipped": false
              }
            ],
            "pending": [],
            "root": false,
            "_timeout": 10000,
            "file": "\\example\\tests\\todomvc.test.js",
            "uuid": "c94f6274-17c5-45f1-8cdf-974739975265",
            "beforeHooks": [
              {
                "title": "\"before all\" hook",
                "fullTitle": "todomvc Add a todo item \"before all\" hook",
                "timedOut": false,
                "duration": 1123,
                "pass": false,
                "fail": false,
                "pending": false,
                "code": "async function () {\n                    await context.Mochateer.init();",
                "err": {},
                "isRoot": false,
                "uuid": "651d4e74-25e8-4698-a502-ac59912f2adf",
                "parentUUID": "c94f6274-17c5-45f1-8cdf-974739975265",
                "isHook": true,
                "skipped": false
              },
              {
                "title": "\"before each\" hook",
                "fullTitle": "todomvc Add a todo item \"before each\" hook",
                "timedOut": false,
                "duration": 0,
                "pass": false,
                "fail": false,
                "pending": false,
                "code": "async function () {\n                    context.Mochateer.testId = suite.fullTitle() + '__' + this.currentTest.title;\n                    context.Mochateer.testContext = this.currentTest.ctx;",
                "err": {},
                "isRoot": false,
                "uuid": "29eb33e1-3e57-4013-a48c-3c7dacc491df",
                "parentUUID": "c94f6274-17c5-45f1-8cdf-974739975265",
                "isHook": true,
                "skipped": false
              }
            ],
            "afterHooks": [
              {
                "title": "\"after all\" hook",
                "fullTitle": "todomvc Add a todo item \"after all\" hook",
                "timedOut": false,
                "duration": 2,
                "pass": false,
                "fail": false,
                "pending": false,
                "code": "async function () {\n                    await context.Mochateer.finish();",
                "err": {},
                "isRoot": false,
                "uuid": "ead9a11d-b673-4be3-97cb-dc6e9efe2585",
                "parentUUID": "c94f6274-17c5-45f1-8cdf-974739975265",
                "isHook": true,
                "skipped": false
              }
            ],
            "fullFile": "D:\\dev\\projects\\Mochateer\\example\\tests\\todomvc.test.js",
            "passes": [
              {
                "title": "typing text and hitting enter key adds new item",
                "fullTitle": "todomvc Add a todo item typing text and hitting enter key adds new item",
                "timedOut": false,
                "duration": 567,
                "state": "passed",
                "speed": "slow",
                "pass": true,
                "fail": false,
                "pending": false,
                "code": "async function () {\n            await Mochateer.page.waitForSelector(input);\n            await Mochateer.page.type(input, 'My first item');\n            await Mochateer.page.keyboard.press('Enter');\n            await Mochateer.page.waitForSelector(firstItem);\n            Mochateer.assert.equal(await Mochateer.page.getText(firstItem), 'My first item');\n            await Mochateer.assert.visual(container);",
                "err": {},
                "isRoot": false,
                "uuid": "081ceef4-b18b-4fb1-818a-b61fd4c87a03",
                "parentUUID": "c94f6274-17c5-45f1-8cdf-974739975265",
                "isHook": false,
                "skipped": false
              },
              {
                "title": "clicking checkbox marks item as complete",
                "fullTitle": "todomvc Add a todo item clicking checkbox marks item as complete",
                "timedOut": false,
                "duration": 261,
                "state": "passed",
                "speed": "slow",
                "pass": true,
                "fail": false,
                "pending": false,
                "code": "async function () {\n            await Mochateer.page.waitForSelector(firstItemToggle);\n            await Mochateer.page.click(firstItemToggle);\n            await Mochateer.page.waitForNthSelectorAttributeValue(listItem, 1, 'class', 'completed');\n            await Mochateer.assert.visual(container);",
                "err": {},
                "isRoot": false,
                "uuid": "30c7638f-3d5c-4b9f-b44b-448e7d7d51b7",
                "parentUUID": "c94f6274-17c5-45f1-8cdf-974739975265",
                "isHook": false,
                "skipped": false
              },
              {
                "title": "typing more text and hitting enter adds a second item",
                "fullTitle": "todomvc Add a todo item typing more text and hitting enter adds a second item",
                "timedOut": false,
                "duration": 302,
                "state": "passed",
                "speed": "slow",
                "pass": true,
                "fail": false,
                "pending": false,
                "code": "async function () {\n            await Mochateer.page.type(input, 'My second item');\n            await Mochateer.page.keyboard.press('Enter');\n            await Mochateer.page.waitForSelector(secondItem);\n            Mochateer.assert.equal(await Mochateer.page.getText(secondItem), 'My second item');\n            await Mochateer.assert.visual(container);",
                "err": {},
                "isRoot": false,
                "uuid": "54d62850-2227-4cfb-9fdd-eadfffbd944b",
                "parentUUID": "c94f6274-17c5-45f1-8cdf-974739975265",
                "isHook": false,
                "skipped": false
              },
              {
                "title": "hovering over first item shows x button",
                "fullTitle": "todomvc Add a todo item hovering over first item shows x button",
                "timedOut": false,
                "duration": 251,
                "state": "passed",
                "speed": "slow",
                "pass": true,
                "fail": false,
                "pending": false,
                "code": "async function () {\n            await Mochateer.page.hover(firstItem);\n            await Mochateer.assert.visual(container);",
                "err": {},
                "isRoot": false,
                "uuid": "81966919-0ee3-49ab-9a12-f612db4854fe",
                "parentUUID": "c94f6274-17c5-45f1-8cdf-974739975265",
                "isHook": false,
                "skipped": false
              },
              {
                "title": "clicking on first item x button removes it from the list",
                "fullTitle": "todomvc Add a todo item clicking on first item x button removes it from the list",
                "timedOut": false,
                "duration": 255,
                "state": "passed",
                "speed": "slow",
                "pass": true,
                "fail": false,
                "pending": false,
                "code": "async function () {\n            await Mochateer.page.click(firstItemRemoveButton);\n            await Mochateer.page.waitForElementCount(listItem, 1);\n            Mochateer.assert.equal(await Mochateer.page.getText(todoCount), '1 item left');\n            await Mochateer.assert.visual(container);",
                "err": {},
                "isRoot": false,
                "uuid": "e4a6af64-c856-4da0-a954-6b20e9f1aec5",
                "parentUUID": "c94f6274-17c5-45f1-8cdf-974739975265",
                "isHook": false,
                "skipped": false
              }
            ],
            "failures": [],
            "skipped": [],
            "hasBeforeHooks": true,
            "hasAfterHooks": true,
            "hasTests": true,
            "hasSuites": false,
            "totalTests": 5,
            "totalPasses": 5,
            "totalFailures": 0,
            "totalPending": 0,
            "totalSkipped": 0,
            "hasPasses": true,
            "hasFailures": false,
            "hasPending": false,
            "hasSkipped": false,
            "duration": 1636,
            "rootEmpty": false
          }
        ],
        "tests": [],
        "pending": [],
        "root": false,
        "_timeout": 10000,
        "file": "\\example\\tests\\todomvc.test.js",
        "uuid": "65ae317e-679a-4469-b404-0bd64ece37ab",
        "beforeHooks": [
          {
            "title": "\"before all\" hook",
            "fullTitle": "todomvc \"before all\" hook",
            "timedOut": false,
            "duration": 1,
            "pass": false,
            "fail": false,
            "pending": false,
            "code": "async function () {\n                    context.Mochateer = new Mochateer({\n                        componentName: componentName,\n                        url: componentTestUrlFactory(component),\n                        visualPath: componentTestVisualPathFactory(component),\n                        onLoad: component.onLoad\n                    });",
            "err": {},
            "isRoot": false,
            "uuid": "a3582180-6d00-431c-9212-b237fe851787",
            "parentUUID": "65ae317e-679a-4469-b404-0bd64ece37ab",
            "isHook": true,
            "skipped": false
          }
        ],
        "afterHooks": [],
        "fullFile": "D:\\dev\\projects\\Mochateer\\example\\tests\\todomvc.test.js",
        "passes": [],
        "failures": [],
        "skipped": [],
        "hasBeforeHooks": true,
        "hasAfterHooks": false,
        "hasTests": false,
        "hasSuites": true,
        "totalTests": 0,
        "totalPasses": 0,
        "totalFailures": 0,
        "totalPending": 0,
        "totalSkipped": 0,
        "hasPasses": false,
        "hasFailures": false,
        "hasPending": false,
        "hasSkipped": false,
        "duration": 0,
        "rootEmpty": false
      }
    ],
    "tests": [],
    "pending": [],
    "root": true,
    "_timeout": 10000,
    "uuid": "61d9258e-4b7b-4eee-9808-775f4308c056",
    "beforeHooks": [],
    "afterHooks": [],
    "fullFile": "",
    "file": "",
    "passes": [],
    "failures": [],
    "skipped": [],
    "hasBeforeHooks": false,
    "hasAfterHooks": false,
    "hasTests": false,
    "hasSuites": true,
    "totalTests": 0,
    "totalPasses": 0,
    "totalFailures": 0,
    "totalPending": 0,
    "totalSkipped": 0,
    "hasPasses": false,
    "hasFailures": false,
    "hasPending": false,
    "hasSkipped": false,
    "duration": 0,
    "rootEmpty": true
  },
  "allTests": [
    {
      "title": "typing text and hitting enter key adds new item",
      "fullTitle": "Add a todo item typing text and hitting enter key adds new item",
      "timedOut": false,
      "duration": 567,
      "state": "passed",
      "speed": "slow",
      "pass": true,
      "fail": false,
      "pending": false,
      "code": "async function () {\n            await Mochateer.page.waitForSelector(input);\n            await Mochateer.page.type(input, 'My first item');\n            await Mochateer.page.keyboard.press('Enter');\n            await Mochateer.page.waitForSelector(firstItem);\n            Mochateer.assert.equal(await Mochateer.page.getText(firstItem), 'My first item');\n            await Mochateer.assert.visual(container);",
      "err": {},
      "isRoot": false,
      "uuid": "081ceef4-b18b-4fb1-818a-b61fd4c87a03",
      "parentUUID": "c94f6274-17c5-45f1-8cdf-974739975265",
      "isHook": false,
      "skipped": false
    },
    {
      "title": "clicking checkbox marks item as complete",
      "fullTitle": "Add a todo item clicking checkbox marks item as complete",
      "timedOut": false,
      "duration": 261,
      "state": "passed",
      "speed": "slow",
      "pass": true,
      "fail": false,
      "pending": false,
      "code": "async function () {\n            await Mochateer.page.waitForSelector(firstItemToggle);\n            await Mochateer.page.click(firstItemToggle);\n            await Mochateer.page.waitForNthSelectorAttributeValue(listItem, 1, 'class', 'completed');\n            await Mochateer.assert.visual(container);",
      "err": {},
      "isRoot": false,
      "uuid": "30c7638f-3d5c-4b9f-b44b-448e7d7d51b7",
      "parentUUID": "c94f6274-17c5-45f1-8cdf-974739975265",
      "isHook": false,
      "skipped": false
    },
    {
      "title": "typing more text and hitting enter adds a second item",
      "fullTitle": "Add a todo item typing more text and hitting enter adds a second item",
      "timedOut": false,
      "duration": 302,
      "state": "passed",
      "speed": "slow",
      "pass": true,
      "fail": false,
      "pending": false,
      "code": "async function () {\n            await Mochateer.page.type(input, 'My second item');\n            await Mochateer.page.keyboard.press('Enter');\n            await Mochateer.page.waitForSelector(secondItem);\n            Mochateer.assert.equal(await Mochateer.page.getText(secondItem), 'My second item');\n            await Mochateer.assert.visual(container);",
      "err": {},
      "isRoot": false,
      "uuid": "54d62850-2227-4cfb-9fdd-eadfffbd944b",
      "parentUUID": "c94f6274-17c5-45f1-8cdf-974739975265",
      "isHook": false,
      "skipped": false
    },
    {
      "title": "hovering over first item shows x button",
      "fullTitle": "Add a todo item hovering over first item shows x button",
      "timedOut": false,
      "duration": 251,
      "state": "passed",
      "speed": "slow",
      "pass": true,
      "fail": false,
      "pending": false,
      "code": "async function () {\n            await Mochateer.page.hover(firstItem);\n            await Mochateer.assert.visual(container);",
      "err": {},
      "isRoot": false,
      "uuid": "81966919-0ee3-49ab-9a12-f612db4854fe",
      "parentUUID": "c94f6274-17c5-45f1-8cdf-974739975265",
      "isHook": false,
      "skipped": false
    },
    {
      "title": "clicking on first item x button removes it from the list",
      "fullTitle": "Add a todo item clicking on first item x button removes it from the list",
      "timedOut": false,
      "duration": 255,
      "state": "passed",
      "speed": "slow",
      "pass": true,
      "fail": false,
      "pending": false,
      "code": "async function () {\n            await Mochateer.page.click(firstItemRemoveButton);\n            await Mochateer.page.waitForElementCount(listItem, 1);\n            Mochateer.assert.equal(await Mochateer.page.getText(todoCount), '1 item left');\n            await Mochateer.assert.visual(container);",
      "err": {},
      "isRoot": false,
      "uuid": "e4a6af64-c856-4da0-a954-6b20e9f1aec5",
      "parentUUID": "c94f6274-17c5-45f1-8cdf-974739975265",
      "isHook": false,
      "skipped": false
    }
  ],
  "allPending": [],
  "allPasses": [
    {
      "title": "typing text and hitting enter key adds new item",
      "fullTitle": "Add a todo item typing text and hitting enter key adds new item",
      "timedOut": false,
      "duration": 567,
      "state": "passed",
      "speed": "slow",
      "pass": true,
      "fail": false,
      "pending": false,
      "code": "async function () {\n            await Mochateer.page.waitForSelector(input);\n            await Mochateer.page.type(input, 'My first item');\n            await Mochateer.page.keyboard.press('Enter');\n            await Mochateer.page.waitForSelector(firstItem);\n            Mochateer.assert.equal(await Mochateer.page.getText(firstItem), 'My first item');\n            await Mochateer.assert.visual(container);",
      "err": {},
      "isRoot": false,
      "uuid": "081ceef4-b18b-4fb1-818a-b61fd4c87a03",
      "parentUUID": "c94f6274-17c5-45f1-8cdf-974739975265",
      "isHook": false,
      "skipped": false
    },
    {
      "title": "clicking checkbox marks item as complete",
      "fullTitle": "Add a todo item clicking checkbox marks item as complete",
      "timedOut": false,
      "duration": 261,
      "state": "passed",
      "speed": "slow",
      "pass": true,
      "fail": false,
      "pending": false,
      "code": "async function () {\n            await Mochateer.page.waitForSelector(firstItemToggle);\n            await Mochateer.page.click(firstItemToggle);\n            await Mochateer.page.waitForNthSelectorAttributeValue(listItem, 1, 'class', 'completed');\n            await Mochateer.assert.visual(container);",
      "err": {},
      "isRoot": false,
      "uuid": "30c7638f-3d5c-4b9f-b44b-448e7d7d51b7",
      "parentUUID": "c94f6274-17c5-45f1-8cdf-974739975265",
      "isHook": false,
      "skipped": false
    },
    {
      "title": "typing more text and hitting enter adds a second item",
      "fullTitle": "Add a todo item typing more text and hitting enter adds a second item",
      "timedOut": false,
      "duration": 302,
      "state": "passed",
      "speed": "slow",
      "pass": true,
      "fail": false,
      "pending": false,
      "code": "async function () {\n            await Mochateer.page.type(input, 'My second item');\n            await Mochateer.page.keyboard.press('Enter');\n            await Mochateer.page.waitForSelector(secondItem);\n            Mochateer.assert.equal(await Mochateer.page.getText(secondItem), 'My second item');\n            await Mochateer.assert.visual(container);",
      "err": {},
      "isRoot": false,
      "uuid": "54d62850-2227-4cfb-9fdd-eadfffbd944b",
      "parentUUID": "c94f6274-17c5-45f1-8cdf-974739975265",
      "isHook": false,
      "skipped": false
    },
    {
      "title": "hovering over first item shows x button",
      "fullTitle": "Add a todo item hovering over first item shows x button",
      "timedOut": false,
      "duration": 251,
      "state": "passed",
      "speed": "slow",
      "pass": true,
      "fail": false,
      "pending": false,
      "code": "async function () {\n            await Mochateer.page.hover(firstItem);\n            await Mochateer.assert.visual(container);",
      "err": {},
      "isRoot": false,
      "uuid": "81966919-0ee3-49ab-9a12-f612db4854fe",
      "parentUUID": "c94f6274-17c5-45f1-8cdf-974739975265",
      "isHook": false,
      "skipped": false
    },
    {
      "title": "clicking on first item x button removes it from the list",
      "fullTitle": "Add a todo item clicking on first item x button removes it from the list",
      "timedOut": false,
      "duration": 255,
      "state": "passed",
      "speed": "slow",
      "pass": true,
      "fail": false,
      "pending": false,
      "code": "async function () {\n            await Mochateer.page.click(firstItemRemoveButton);\n            await Mochateer.page.waitForElementCount(listItem, 1);\n            Mochateer.assert.equal(await Mochateer.page.getText(todoCount), '1 item left');\n            await Mochateer.assert.visual(container);",
      "err": {},
      "isRoot": false,
      "uuid": "e4a6af64-c856-4da0-a954-6b20e9f1aec5",
      "parentUUID": "c94f6274-17c5-45f1-8cdf-974739975265",
      "isHook": false,
      "skipped": false
    }
  ],
  "allFailures": [],
  "copyrightYear": 2017
}