{
  "stats": {
    "suites": 2,
    "tests": 5,
    "passes": 5,
    "pending": 0,
    "failures": 0,
    "start": "2018-02-13T11:26:05.687Z",
    "end": "2018-02-13T11:26:08.122Z",
    "duration": 2435,
    "testsRegistered": 5,
    "passPercent": 100,
    "pendingPercent": 0,
    "other": 0,
    "hasOther": false,
    "skipped": 0,
    "hasSkipped": false,
    "passPercentClass": "success",
    "pendingPercentClass": "danger"
  },
  "suites": {
    "uuid": "10fdd707-8d2a-4594-8827-40f569c3c261",
    "title": "",
    "fullFile": "",
    "file": "",
    "beforeHooks": [],
    "afterHooks": [],
    "tests": [],
    "suites": [
      {
        "uuid": "6bf6ecdb-ad1a-443a-a70d-83c6f604b0f2",
        "title": "todomvc",
        "fullFile": "D:\\dev\\projects\\Mochateer\\example\\example-tests\\todomvc.test.js",
        "file": "\\example\\example-tests\\todomvc.test.js",
        "beforeHooks": [
          {
            "title": "\"before all\" hook",
            "fullTitle": "todomvc \"before all\" hook",
            "timedOut": false,
            "duration": 1,
            "pass": false,
            "fail": false,
            "pending": false,
            "code": "context._mochateerInstance = Mochateer({\n    componentName,\n    url: componentTestUrlFactory(component),\n    visualPath: componentTestVisualPathFactory(component),\n    visualThreshold,\n    shouldRebaseVisuals,\n    onLoad: component.onLoad\n});",
            "err": {},
            "isRoot": false,
            "uuid": "58236b3d-198a-4562-ad7d-fe0fb21d8ff6",
            "isHook": true,
            "skipped": false
          }
        ],
        "afterHooks": [],
        "tests": [],
        "suites": [
          {
            "uuid": "d2200a29-373b-4738-a08a-be82867da93a",
            "title": "Add a todo item",
            "fullFile": "D:\\dev\\projects\\Mochateer\\example\\example-tests\\todomvc.test.js",
            "file": "\\example\\example-tests\\todomvc.test.js",
            "beforeHooks": [
              {
                "title": "\"before all\" hook",
                "fullTitle": "todomvc Add a todo item \"before all\" hook",
                "timedOut": false,
                "duration": 908,
                "pass": false,
                "fail": false,
                "pending": false,
                "code": "// Initialize the Mochateer instance and get the API\ncontext.Mochateer = await context._mochateerInstance.initialize();",
                "err": {},
                "isRoot": false,
                "uuid": "f5e44466-811c-461c-a0b8-d9a7ca6eda32",
                "isHook": true,
                "skipped": false
              },
              {
                "title": "\"before each\" hook",
                "fullTitle": "todomvc Add a todo item \"before each\" hook",
                "timedOut": false,
                "duration": 0,
                "pass": false,
                "fail": false,
                "pending": false,
                "code": "// Tell Mochateer what test we are running\ncontext.Mochateer.testId = suite.fullTitle() + '__' + this.currentTest.title;\ncontext.Mochateer.testContext = this.currentTest.ctx;",
                "err": {},
                "isRoot": false,
                "uuid": "c43c69b2-84be-46cd-8e06-c54d8af4c8b9",
                "isHook": true,
                "skipped": false
              }
            ],
            "afterHooks": [
              {
                "title": "\"after all\" hook",
                "fullTitle": "todomvc Add a todo item \"after all\" hook",
                "timedOut": false,
                "duration": 1,
                "pass": false,
                "fail": false,
                "pending": false,
                "code": "context.Mochateer.resetRequests();\nawait context.Mochateer.finish();",
                "err": {},
                "isRoot": false,
                "uuid": "759890a6-377b-4909-8a06-12cb4c5d7914",
                "isHook": true,
                "skipped": false
              }
            ],
            "tests": [
              {
                "title": "typing text and hitting enter key adds new item",
                "fullTitle": "todomvc Add a todo item typing text and hitting enter key adds new item",
                "timedOut": false,
                "duration": 499,
                "state": "passed",
                "speed": "slow",
                "pass": true,
                "fail": false,
                "pending": false,
                "code": "await Mochateer.page.waitForSelector(input);\nawait Mochateer.page.type(input, 'My first item');\nawait Mochateer.page.keyboard.press('Enter');\nawait Mochateer.page.waitForSelector(firstItem);\nMochateer.assert.equal(await Mochateer.page.getText(firstItem), 'My first item');\nawait Mochateer.assert.visual(container);",
                "err": {},
                "isRoot": false,
                "uuid": "4614c45e-4f41-4d78-8c6d-78c4a265c007",
                "isHook": false,
                "skipped": false
              },
              {
                "title": "clicking checkbox marks item as complete",
                "fullTitle": "todomvc Add a todo item clicking checkbox marks item as complete",
                "timedOut": false,
                "duration": 245,
                "state": "passed",
                "speed": "slow",
                "pass": true,
                "fail": false,
                "pending": false,
                "code": "await Mochateer.page.waitForSelector(firstItemToggle);\nawait Mochateer.page.click(firstItemToggle);\n// something to break the tests\n//await Mochateer.page.addStyleTag({ content: '.header { background: black; }'});\nawait Mochateer.page.waitForNthSelectorAttributeValue(listItem, 1, 'class', 'completed');\nawait Mochateer.assert.visual(container);",
                "err": {},
                "isRoot": false,
                "uuid": "a8f6716b-8584-4ee2-b580-85d03bed687f",
                "isHook": false,
                "skipped": false
              },
              {
                "title": "typing more text and hitting enter adds a second item",
                "fullTitle": "todomvc Add a todo item typing more text and hitting enter adds a second item",
                "timedOut": false,
                "duration": 293,
                "state": "passed",
                "speed": "slow",
                "pass": true,
                "fail": false,
                "pending": false,
                "code": "await Mochateer.page.type(input, 'My second item');\nawait Mochateer.page.keyboard.press('Enter');\nawait Mochateer.page.waitForSelector(secondItem);\nMochateer.assert.equal(await Mochateer.page.getText(secondItem), 'My second item');\nawait Mochateer.assert.visual(container);",
                "err": {},
                "isRoot": false,
                "uuid": "286b6fd5-14f1-4760-a9f6-48302b2e9fe5",
                "isHook": false,
                "skipped": false
              },
              {
                "title": "hovering over first item shows x button",
                "fullTitle": "todomvc Add a todo item hovering over first item shows x button",
                "timedOut": false,
                "duration": 233,
                "state": "passed",
                "speed": "slow",
                "pass": true,
                "fail": false,
                "pending": false,
                "code": "await Mochateer.page.hover(firstItem);\nawait Mochateer.assert.visual(container);",
                "err": {},
                "isRoot": false,
                "uuid": "7b9dff7f-21fd-4c29-9feb-ae97627810f8",
                "isHook": false,
                "skipped": false
              },
              {
                "title": "clicking on first item x button removes it from the list",
                "fullTitle": "todomvc Add a todo item clicking on first item x button removes it from the list",
                "timedOut": false,
                "duration": 236,
                "state": "passed",
                "speed": "slow",
                "pass": true,
                "fail": false,
                "pending": false,
                "code": "await Mochateer.page.click(firstItemRemoveButton);\nawait Mochateer.page.waitForElementCount(listItem, 1);\nMochateer.assert.equal(await Mochateer.page.getText(todoCount), '1 item left');\nawait Mochateer.assert.visual(container);",
                "err": {},
                "isRoot": false,
                "uuid": "23335203-4399-4d10-a240-a48a630fa735",
                "isHook": false,
                "skipped": false
              }
            ],
            "suites": [],
            "passes": [
              "4614c45e-4f41-4d78-8c6d-78c4a265c007",
              "a8f6716b-8584-4ee2-b580-85d03bed687f",
              "286b6fd5-14f1-4760-a9f6-48302b2e9fe5",
              "7b9dff7f-21fd-4c29-9feb-ae97627810f8",
              "23335203-4399-4d10-a240-a48a630fa735"
            ],
            "failures": [],
            "pending": [],
            "skipped": [],
            "duration": 1506,
            "root": false,
            "rootEmpty": false,
            "_timeout": 10000
          }
        ],
        "passes": [],
        "failures": [],
        "pending": [],
        "skipped": [],
        "duration": 0,
        "root": false,
        "rootEmpty": false,
        "_timeout": 10000
      }
    ],
    "passes": [],
    "failures": [],
    "pending": [],
    "skipped": [],
    "duration": 0,
    "root": true,
    "rootEmpty": true,
    "_timeout": 10000
  },
  "copyrightYear": 2018
}