{
  "stats": {
    "suites": 2,
    "tests": 5,
    "passes": 5,
    "pending": 0,
    "failures": 0,
    "start": "2018-02-13T14:46:15.117Z",
    "end": "2018-02-13T14:46:17.627Z",
    "duration": 2510,
    "testsRegistered": 5,
    "passPercent": 100,
    "pendingPercent": 0,
    "other": 0,
    "hasOther": false,
    "skipped": 0,
    "hasSkipped": false,
    "passPercentClass": "success",
    "pendingPercentClass": "danger"
  },
  "suites": {
    "uuid": "7b9c05e6-7751-4d9e-ad5b-58c8193447f6",
    "title": "",
    "fullFile": "",
    "file": "",
    "beforeHooks": [],
    "afterHooks": [],
    "tests": [],
    "suites": [
      {
        "uuid": "ed51f3cb-dddd-45ab-8fb2-71d2a83effd3",
        "title": "todomvc",
        "fullFile": "D:\\dev\\projects\\Muppeteer\\example\\example-tests\\todomvc.test.js",
        "file": "\\example\\example-tests\\todomvc.test.js",
        "beforeHooks": [
          {
            "title": "\"before all\" hook",
            "fullTitle": "todomvc \"before all\" hook",
            "timedOut": false,
            "duration": 1,
            "pass": false,
            "fail": false,
            "pending": false,
            "code": "context._muppeteerInstance = Muppeteer({\n    componentName,\n    url: componentTestUrlFactory(component),\n    visualPath: componentTestVisualPathFactory(component),\n    visualThreshold,\n    shouldRebaseVisuals,\n    onLoad: component.onLoad\n});",
            "err": {},
            "isRoot": false,
            "uuid": "55c9fe9a-a84f-4c95-a3bf-5e0b10ec63ed",
            "isHook": true,
            "skipped": false
          }
        ],
        "afterHooks": [],
        "tests": [],
        "suites": [
          {
            "uuid": "32108e54-fb03-4f0a-881c-fa737acfadc6",
            "title": "Add a todo item",
            "fullFile": "D:\\dev\\projects\\Muppeteer\\example\\example-tests\\todomvc.test.js",
            "file": "\\example\\example-tests\\todomvc.test.js",
            "beforeHooks": [
              {
                "title": "\"before all\" hook",
                "fullTitle": "todomvc Add a todo item \"before all\" hook",
                "timedOut": false,
                "duration": 1024,
                "pass": false,
                "fail": false,
                "pending": false,
                "code": "// Initialize the Muppeteer instance and get the API\ncontext.Muppeteer = await context._muppeteerInstance.initialize();",
                "err": {},
                "isRoot": false,
                "uuid": "d8844cda-115e-4eab-bf5c-1e885ebd721b",
                "isHook": true,
                "skipped": false
              },
              {
                "title": "\"before each\" hook",
                "fullTitle": "todomvc Add a todo item \"before each\" hook",
                "timedOut": false,
                "duration": 0,
                "pass": false,
                "fail": false,
                "pending": false,
                "code": "// Tell Muppeteer what test we are running\ncontext.Muppeteer.testId = suite.fullTitle() + '__' + this.currentTest.title;\ncontext.Muppeteer.testContext = this.currentTest.ctx;",
                "err": {},
                "isRoot": false,
                "uuid": "10148318-eb37-4c68-9f19-34df1ed304e8",
                "isHook": true,
                "skipped": false
              }
            ],
            "afterHooks": [
              {
                "title": "\"after all\" hook",
                "fullTitle": "todomvc Add a todo item \"after all\" hook",
                "timedOut": false,
                "duration": 3,
                "pass": false,
                "fail": false,
                "pending": false,
                "code": "context.Muppeteer.resetRequests();\nawait context.Muppeteer.finish();",
                "err": {},
                "isRoot": false,
                "uuid": "581027af-8d1f-43dc-9635-0c789fd3cfb3",
                "isHook": true,
                "skipped": false
              }
            ],
            "tests": [
              {
                "title": "typing text and hitting enter key adds new item",
                "fullTitle": "todomvc Add a todo item typing text and hitting enter key adds new item",
                "timedOut": false,
                "duration": 498,
                "state": "passed",
                "speed": "slow",
                "pass": true,
                "fail": false,
                "pending": false,
                "code": "await Muppeteer.page.waitForSelector(input);\nawait Muppeteer.page.type(input, 'My first item');\nawait Muppeteer.page.keyboard.press('Enter');\nawait Muppeteer.page.waitForSelector(firstItem);\nMuppeteer.assert.equal(await Muppeteer.page.getText(firstItem), 'My first item');\nawait Muppeteer.assert.visual(container);",
                "err": {},
                "isRoot": false,
                "uuid": "6d275236-ce4d-4339-981b-9c6ab3aa3fab",
                "isHook": false,
                "skipped": false
              },
              {
                "title": "clicking checkbox marks item as complete",
                "fullTitle": "todomvc Add a todo item clicking checkbox marks item as complete",
                "timedOut": false,
                "duration": 219,
                "state": "passed",
                "speed": "slow",
                "pass": true,
                "fail": false,
                "pending": false,
                "code": "await Muppeteer.page.waitForSelector(firstItemToggle);\nawait Muppeteer.page.click(firstItemToggle);\n// something to break the tests\n//await Muppeteer.page.addStyleTag({ content: '.header { background: black; }'});\nawait Muppeteer.page.waitForNthSelectorAttributeValue(listItem, 1, 'class', 'completed');\nawait Muppeteer.assert.visual(container);",
                "err": {},
                "isRoot": false,
                "uuid": "fa432164-2cba-48fe-a7e1-c2934aac8027",
                "isHook": false,
                "skipped": false
              },
              {
                "title": "typing more text and hitting enter adds a second item",
                "fullTitle": "todomvc Add a todo item typing more text and hitting enter adds a second item",
                "timedOut": false,
                "duration": 270,
                "state": "passed",
                "speed": "slow",
                "pass": true,
                "fail": false,
                "pending": false,
                "code": "await Muppeteer.page.type(input, 'My second item');\nawait Muppeteer.page.keyboard.press('Enter');\nawait Muppeteer.page.waitForSelector(secondItem);\nMuppeteer.assert.equal(await Muppeteer.page.getText(secondItem), 'My second item');\nawait Muppeteer.assert.visual(container);",
                "err": {},
                "isRoot": false,
                "uuid": "d15b206f-10e5-40bc-8c6a-5aee2d83deef",
                "isHook": false,
                "skipped": false
              },
              {
                "title": "hovering over first item shows x button",
                "fullTitle": "todomvc Add a todo item hovering over first item shows x button",
                "timedOut": false,
                "duration": 241,
                "state": "passed",
                "speed": "slow",
                "pass": true,
                "fail": false,
                "pending": false,
                "code": "await Muppeteer.page.hover(firstItem);\nawait Muppeteer.assert.visual(container);",
                "err": {},
                "isRoot": false,
                "uuid": "76a26b42-e3d5-460f-a210-477804a3c79a",
                "isHook": false,
                "skipped": false
              },
              {
                "title": "clicking on first item x button removes it from the list",
                "fullTitle": "todomvc Add a todo item clicking on first item x button removes it from the list",
                "timedOut": false,
                "duration": 235,
                "state": "passed",
                "speed": "slow",
                "pass": true,
                "fail": false,
                "pending": false,
                "code": "await Muppeteer.page.click(firstItemRemoveButton);\nawait Muppeteer.page.waitForElementCount(listItem, 1);\nMuppeteer.assert.equal(await Muppeteer.page.getText(todoCount), '1 item left');\nawait Muppeteer.assert.visual(container);",
                "err": {},
                "isRoot": false,
                "uuid": "5ce2ffc7-f86a-4d80-aecc-03a77618e32a",
                "isHook": false,
                "skipped": false
              }
            ],
            "suites": [],
            "passes": [
              "6d275236-ce4d-4339-981b-9c6ab3aa3fab",
              "fa432164-2cba-48fe-a7e1-c2934aac8027",
              "d15b206f-10e5-40bc-8c6a-5aee2d83deef",
              "76a26b42-e3d5-460f-a210-477804a3c79a",
              "5ce2ffc7-f86a-4d80-aecc-03a77618e32a"
            ],
            "failures": [],
            "pending": [],
            "skipped": [],
            "duration": 1463,
            "root": false,
            "rootEmpty": false,
            "_timeout": 10000
          }
        ],
        "passes": [],
        "failures": [],
        "pending": [],
        "skipped": [],
        "duration": 0,
        "root": false,
        "rootEmpty": false,
        "_timeout": 10000
      }
    ],
    "passes": [],
    "failures": [],
    "pending": [],
    "skipped": [],
    "duration": 0,
    "root": true,
    "rootEmpty": true,
    "_timeout": 10000
  },
  "copyrightYear": 2018
}